<?xml version="1.0" encoding="UTF-8"?>
<testsuite xmlns:xsi="http://www.w3.org/2001/XMLSchema-instance" xsi:noNamespaceSchemaLocation="https://maven.apache.org/surefire/maven-surefire-plugin/xsd/surefire-test-report.xsd" name="com.mycompany.app.AppTest" time="0.168" tests="1" errors="0" skipped="0" failures="0">
  <properties>
    <property name="java.specification.version" value="21"/>
    <property name="sun.jnu.encoding" value="UTF-8"/>
    <property name="java.class.path" value="/mnt/c/Users/micha/VisualStudioCodeProjects/Project10_Java_JakartaEE/multimodalapp/service/target/test-classes:/mnt/c/Users/micha/VisualStudioCodeProjects/Project10_Java_JakartaEE/multimodalapp/service/target/classes:/home/mbobkov/.m2/repository/junit/junit/4.11/junit-4.11.jar:/home/mbobkov/.m2/repository/org/hamcrest/hamcrest-core/1.3/hamcrest-core-1.3.jar:/mnt/c/Users/micha/VisualStudioCodeProjects/Project10_Java_JakartaEE/multimodalapp/database/target/database-1.0-SNAPSHOT.jar:"/>
    <property name="java.vm.vendor" value="Eclipse Adoptium"/>
    <property name="sun.arch.data.model" value="64"/>
    <property name="java.vendor.url" value="https://adoptium.net/"/>
    <property name="os.name" value="Linux"/>
    <property name="java.vm.specification.version" value="21"/>
    <property name="sun.java.launcher" value="SUN_STANDARD"/>
    <property name="sun.boot.library.path" value="/home/mbobkov/.sdkman/candidates/java/21.0.2-tem/lib"/>
    <property name="sun.java.command" value="/mnt/c/Users/micha/VisualStudioCodeProjects/Project10_Java_JakartaEE/multimodalapp/service/target/surefire/surefirebooter14313982294488977463.jar /mnt/c/Users/micha/VisualStudioCodeProjects/Project10_Java_JakartaEE/multimodalapp/service/target/surefire 2024-03-14T14-55-33_147-jvmRun1 surefire7062789850308487056tmp surefire_111932216154465904688tmp"/>
    <property name="jdk.debug" value="release"/>
    <property name="surefire.test.class.path" value="/mnt/c/Users/micha/VisualStudioCodeProjects/Project10_Java_JakartaEE/multimodalapp/service/target/test-classes:/mnt/c/Users/micha/VisualStudioCodeProjects/Project10_Java_JakartaEE/multimodalapp/service/target/classes:/home/mbobkov/.m2/repository/junit/junit/4.11/junit-4.11.jar:/home/mbobkov/.m2/repository/org/hamcrest/hamcrest-core/1.3/hamcrest-core-1.3.jar:/mnt/c/Users/micha/VisualStudioCodeProjects/Project10_Java_JakartaEE/multimodalapp/database/target/database-1.0-SNAPSHOT.jar:"/>
    <property name="sun.cpu.endian" value="little"/>
    <property name="user.home" value="/home/mbobkov"/>
    <property name="user.language" value="en"/>
    <property name="java.specification.vendor" value="Oracle Corporation"/>
    <property name="java.version.date" value="2024-01-16"/>
    <property name="java.home" value="/home/mbobkov/.sdkman/candidates/java/21.0.2-tem"/>
    <property name="file.separator" value="/"/>
    <property name="basedir" value="/mnt/c/Users/micha/VisualStudioCodeProjects/Project10_Java_JakartaEE/multimodalapp/service"/>
    <property name="java.vm.compressedOopsMode" value="Zero based"/>
    <property name="line.separator" value="&#10;"/>
    <property name="java.specification.name" value="Java Platform API Specification"/>
    <property name="java.vm.specification.vendor" value="Oracle Corporation"/>
    <property name="surefire.real.class.path" value="/mnt/c/Users/micha/VisualStudioCodeProjects/Project10_Java_JakartaEE/multimodalapp/service/target/surefire/surefirebooter14313982294488977463.jar"/>
    <property name="sun.management.compiler" value="HotSpot 64-Bit Tiered Compilers"/>
    <property name="java.runtime.version" value="21.0.2+13-LTS"/>
    <property name="user.name" value="mbobkov"/>
    <property name="stdout.encoding" value="UTF-8"/>
    <property name="path.separator" value=":"/>
    <property name="os.version" value="5.15.146.1-microsoft-standard-WSL2"/>
    <property name="java.runtime.name" value="OpenJDK Runtime Environment"/>
    <property name="file.encoding" value="UTF-8"/>
    <property name="java.vm.name" value="OpenJDK 64-Bit Server VM"/>
    <property name="java.vendor.version" value="Temurin-21.0.2+13"/>
    <property name="localRepository" value="/home/mbobkov/.m2/repository"/>
    <property name="java.vendor.url.bug" value="https://github.com/adoptium/adoptium-support/issues"/>
    <property name="java.io.tmpdir" value="/tmp"/>
    <property name="java.version" value="21.0.2"/>
    <property name="user.dir" value="/mnt/c/Users/micha/VisualStudioCodeProjects/Project10_Java_JakartaEE/multimodalapp/service"/>
    <property name="os.arch" value="amd64"/>
    <property name="java.vm.specification.name" value="Java Virtual Machine Specification"/>
    <property name="native.encoding" value="UTF-8"/>
    <property name="java.library.path" value="/usr/java/packages/lib:/usr/lib64:/lib64:/lib:/usr/lib"/>
    <property name="java.vm.info" value="mixed mode, sharing"/>
    <property name="stderr.encoding" value="UTF-8"/>
    <property name="java.vendor" value="Eclipse Adoptium"/>
    <property name="java.vm.version" value="21.0.2+13-LTS"/>
    <property name="sun.io.unicode.encoding" value="UnicodeLittle"/>
    <property name="java.class.version" value="65.0"/>
  </properties>
  <testcase name="shouldAnswerWithTrue" classname="com.mycompany.app.AppTest" time="0.008"/>
</testsuite>